21/Dec/2020 19:49:38,598- AddProducts: Edible product list created
21/Dec/2020 19:49:38,621- AddProducts: Electronics product list Created 
21/Dec/2020 19:49:38,623- AddProducts: Garments product list Created 
21/Dec/2020 19:50:37,906- AddProducts: Edible product list created
21/Dec/2020 19:50:37,909- AddProducts: Electronics product list Created 
21/Dec/2020 19:50:37,909- AddProducts: Garments product list Created 
21/Dec/2020 19:50:48,912- ProductService: Edible item being sold
21/Dec/2020 19:54:37,682- AddProducts: Edible product list created
21/Dec/2020 19:54:37,684- AddProducts: Electronics product list Created 
21/Dec/2020 19:54:37,686- AddProducts: Garments product list Created 
21/Dec/2020 19:54:45,376- ProductService: Edible item being sold
21/Dec/2020 19:55:15,620- ProductService: Electronics item being sold
21/Dec/2020 19:55:30,256- ProductService: Garments item being sold
21/Dec/2020 20:07:43,692- AddProducts: Edible product list created
21/Dec/2020 20:07:43,694- AddProducts: Electronics product list Created 
21/Dec/2020 20:07:43,694- AddProducts: Garments product list Created 
21/Dec/2020 20:07:49,643- ProductService: Edible item being sold
21/Dec/2020 20:07:53,093- ProductService: Electronics item being sold
21/Dec/2020 20:07:56,815- ProductService: Garments item being sold
21/Dec/2020 20:08:35,710- ProductService: Edible item being sold
21/Dec/2020 22:01:40,219- AddProducts: Edible product list created
21/Dec/2020 22:01:40,244- AddProducts: Electronics product list Created 
21/Dec/2020 22:01:40,245- AddProducts: Garments product list Created 
